<?xml version="1.0" encoding="UTF-8"?>
<testsuite name="com.project.demo.logic.entity.plot.PlotGeometryEntityTest" tests="2" skipped="0" failures="0" errors="0" timestamp="2025-08-12T02:11:04" hostname="JIMMY" time="0.011">
  <properties/>
  <testcase name="testSetAndGetProperties()" classname="com.project.demo.logic.entity.plot.PlotGeometryEntityTest" time="0.008"/>
  <testcase name="testEqualsAndHashCode()" classname="com.project.demo.logic.entity.plot.PlotGeometryEntityTest" time="0.002"/>
  <system-out><![CDATA[]]></system-out>
  <system-err><![CDATA[]]></system-err>
</testsuite>
