<?xml version="1.0" encoding="UTF-8"?>
<testsuite name="com.project.demo.rest.animal.AnimalRestControllerTest" tests="4" skipped="0" failures="0" errors="0" timestamp="2025-08-12T05:06:01" hostname="EQ-LP-TL-TI13" time="0.93">
  <properties/>
  <testcase name="testCreateAnimalSuccess()" classname="com.project.demo.rest.animal.AnimalRestControllerTest" time="0.888"/>
  <testcase name="testCreateAnimalFarmNotFound()" classname="com.project.demo.rest.animal.AnimalRestControllerTest" time="0.01"/>
  <testcase name="testGetAnimalsByFarmSuccess()" classname="com.project.demo.rest.animal.AnimalRestControllerTest" time="0.013"/>
  <testcase name="testCreateAnimalAccessDenied()" classname="com.project.demo.rest.animal.AnimalRestControllerTest" time="0.01"/>
  <system-out><![CDATA[2025-08-11T23:05:59.928-06:00  INFO 111848 --- [    Test worker] t.c.s.AnnotationConfigContextLoaderUtils : Could not detect default configuration classes for test class [com.project.demo.rest.animal.AnimalRestControllerTest]: AnimalRestControllerTest does not declare any static, non-private, non-final, nested classes annotated with @Configuration.
2025-08-11T23:06:00.043-06:00  INFO 111848 --- [    Test worker] .b.t.c.SpringBootTestContextBootstrapper : Found @SpringBootConfiguration com.project.demo.DemoApplication for test class com.project.demo.rest.animal.AnimalRestControllerTest

  .   ____          _            __ _ _
 /\\ / ___'_ __ _ _(_)_ __  __ _ \ \ \ \
( ( )\___ | '_ | '_| | '_ \/ _` | \ \ \ \
 \\/  ___)| |_)| | | | | || (_| |  ) ) ) )
  '  |____| .__|_| |_|_| |_\__, | / / / /
 =========|_|==============|___/=/_/_/_/
 :: Spring Boot ::                (v3.2.5)

2025-08-11T23:06:00.118-06:00  INFO 111848 --- [    Test worker] c.p.d.r.animal.AnimalRestControllerTest  : Starting AnimalRestControllerTest using Java 21.0.7 with PID 111848 (started by sleon in C:\Users\sleon\Desktop\Clases U\Proyecto 3\ProyectoFinal\proyecto_3_back_end)
2025-08-11T23:06:00.119-06:00  INFO 111848 --- [    Test worker] c.p.d.r.animal.AnimalRestControllerTest  : No active profile set, falling back to 1 default profile: "default"
2025-08-11T23:06:01.232-06:00  INFO 111848 --- [    Test worker] o.s.s.web.DefaultSecurityFilterChain     : Will secure any request with [org.springframework.security.web.session.DisableEncodeUrlFilter@25df80f7, org.springframework.security.web.context.request.async.WebAsyncManagerIntegrationFilter@63cb03ba, org.springframework.security.web.context.SecurityContextHolderFilter@308bca8c, org.springframework.security.web.header.HeaderWriterFilter@2eb28cd8, org.springframework.web.filter.CorsFilter@1717167e, org.springframework.security.web.csrf.CsrfFilter@46a0c2df, org.springframework.security.web.authentication.logout.LogoutFilter@3ba05ae6, org.springframework.security.web.authentication.UsernamePasswordAuthenticationFilter@2ffa9d20, org.springframework.security.web.authentication.ui.DefaultLoginPageGeneratingFilter@2adc9300, org.springframework.security.web.authentication.ui.DefaultLogoutPageGeneratingFilter@321fc4c5, org.springframework.security.web.authentication.www.BasicAuthenticationFilter@7445d24, org.springframework.security.web.savedrequest.RequestCacheAwareFilter@707d4078, org.springframework.security.web.servletapi.SecurityContextHolderAwareRequestFilter@10320992, org.springframework.security.web.authentication.AnonymousAuthenticationFilter@6b9e3249, org.springframework.security.web.access.ExceptionTranslationFilter@382b008d, org.springframework.security.web.access.intercept.AuthorizationFilter@1864eba6]
2025-08-11T23:06:01.309-06:00  INFO 111848 --- [    Test worker] o.s.b.t.m.w.SpringBootMockServletContext : Initializing Spring TestDispatcherServlet ''
2025-08-11T23:06:01.309-06:00  INFO 111848 --- [    Test worker] o.s.t.web.servlet.TestDispatcherServlet  : Initializing Servlet ''
2025-08-11T23:06:01.310-06:00  INFO 111848 --- [    Test worker] o.s.t.web.servlet.TestDispatcherServlet  : Completed initialization in 1 ms
2025-08-11T23:06:01.481-06:00  INFO 111848 --- [    Test worker] c.p.d.r.animal.AnimalRestControllerTest  : Started AnimalRestControllerTest in 1.431 seconds (process running for 27.436)
]]></system-out>
  <system-err><![CDATA[]]></system-err>
</testsuite>
