<?xml version="1.0" encoding="UTF-8"?>
<testsuite name="com.project.demo.DemoApplicationTests" tests="1" skipped="0" failures="0" errors="0" timestamp="2025-08-11T05:12:42" hostname="JIMMY" time="0.371">
  <properties/>
  <testcase name="contextLoads()" classname="com.project.demo.DemoApplicationTests" time="0.371"/>
  <system-out><![CDATA[23:12:36.925 [Test worker] INFO org.springframework.test.context.support.AnnotationConfigContextLoaderUtils -- Could not detect default configuration classes for test class [com.project.demo.DemoApplicationTests]: DemoApplicationTests does not declare any static, non-private, non-final, nested classes annotated with @Configuration.
23:12:36.989 [Test worker] INFO org.springframework.boot.test.context.SpringBootTestContextBootstrapper -- Found @SpringBootConfiguration com.project.demo.DemoApplication for test class com.project.demo.DemoApplicationTests

  .   ____          _            __ _ _
 /\\ / ___'_ __ _ _(_)_ __  __ _ \ \ \ \
( ( )\___ | '_ | '_| | '_ \/ _` | \ \ \ \
 \\/  ___)| |_)| | | | | || (_| |  ) ) ) )
  '  |____| .__|_| |_|_| |_\__, | / / / /
 =========|_|==============|___/=/_/_/_/
 :: Spring Boot ::                (v3.2.5)

2025-08-10T23:12:37.302-06:00  INFO 304 --- [demo] [    Test worker] com.project.demo.DemoApplicationTests    : Starting DemoApplicationTests using Java 21.0.7 with PID 304 (started by geovanni in C:\Users\geovanni\Desktop\cenfotec\proyecto_3\proyecto_3_back_end)
2025-08-10T23:12:37.302-06:00  INFO 304 --- [demo] [    Test worker] com.project.demo.DemoApplicationTests    : No active profile set, falling back to 1 default profile: "default"
2025-08-10T23:12:37.875-06:00  INFO 304 --- [demo] [    Test worker] .s.d.r.c.RepositoryConfigurationDelegate : Bootstrapping Spring Data JPA repositories in DEFAULT mode.
2025-08-10T23:12:38.021-06:00  INFO 304 --- [demo] [    Test worker] .s.d.r.c.RepositoryConfigurationDelegate : Finished Spring Data repository scanning in 138 ms. Found 24 JPA repository interfaces.
2025-08-10T23:12:38.628-06:00  INFO 304 --- [demo] [    Test worker] o.hibernate.jpa.internal.util.LogHelper  : HHH000204: Processing PersistenceUnitInfo [name: default]
2025-08-10T23:12:38.705-06:00  INFO 304 --- [demo] [    Test worker] org.hibernate.Version                    : HHH000412: Hibernate ORM core version 6.4.4.Final
2025-08-10T23:12:38.750-06:00  INFO 304 --- [demo] [    Test worker] o.h.c.internal.RegionFactoryInitiator    : HHH000026: Second-level cache disabled
2025-08-10T23:12:38.959-06:00  INFO 304 --- [demo] [    Test worker] o.s.o.j.p.SpringPersistenceUnitInfo      : No LoadTimeWeaver setup: ignoring JPA class transformer
2025-08-10T23:12:38.987-06:00  INFO 304 --- [demo] [    Test worker] com.zaxxer.hikari.HikariDataSource       : HikariPool-1 - Starting...
2025-08-10T23:12:39.065-06:00  INFO 304 --- [demo] [    Test worker] com.zaxxer.hikari.pool.HikariPool        : HikariPool-1 - Added connection org.mariadb.jdbc.Connection@43fe2008
2025-08-10T23:12:39.065-06:00  INFO 304 --- [demo] [    Test worker] com.zaxxer.hikari.HikariDataSource       : HikariPool-1 - Start completed.
2025-08-10T23:12:39.079-06:00  WARN 304 --- [demo] [    Test worker] org.hibernate.orm.deprecation            : HHH90000025: MariaDBDialect does not need to be specified explicitly using 'hibernate.dialect' (remove the property setting and it will be selected by default)
2025-08-10T23:12:40.114-06:00  INFO 304 --- [demo] [    Test worker] o.h.e.t.j.p.i.JtaPlatformInitiator       : HHH000489: No JTA platform available (set 'hibernate.transaction.jta.platform' to enable JTA platform integration)
2025-08-10T23:12:40.178-06:00  INFO 304 --- [demo] [    Test worker] j.LocalContainerEntityManagerFactoryBean : Initialized JPA EntityManagerFactory for persistence unit 'default'
2025-08-10T23:12:40.466-06:00  INFO 304 --- [demo] [    Test worker] o.s.d.j.r.query.QueryEnhancerFactory     : Hibernate is in classpath; If applicable, HQL parser will be used.
2025-08-10T23:12:40.892-06:00  WARN 304 --- [demo] [    Test worker] JpaBaseConfiguration$JpaWebConfiguration : spring.jpa.open-in-view is enabled by default. Therefore, database queries may be performed during view rendering. Explicitly configure spring.jpa.open-in-view to disable this warning
2025-08-10T23:12:41.636-06:00  INFO 304 --- [demo] [    Test worker] o.s.s.web.DefaultSecurityFilterChain     : Will secure any request with [org.springframework.security.web.session.DisableEncodeUrlFilter@7c7aef90, org.springframework.security.web.context.request.async.WebAsyncManagerIntegrationFilter@66a75eab, org.springframework.security.web.context.SecurityContextHolderFilter@34a91445, org.springframework.security.web.header.HeaderWriterFilter@4d696bac, org.springframework.web.filter.CorsFilter@339b1c34, org.springframework.security.web.authentication.logout.LogoutFilter@57202722, com.project.demo.logic.entity.auth.JwtAuthenticationFilter@228ed68c, org.springframework.security.web.savedrequest.RequestCacheAwareFilter@10b40e87, org.springframework.security.web.servletapi.SecurityContextHolderAwareRequestFilter@1290fc6a, org.springframework.security.web.authentication.AnonymousAuthenticationFilter@3f114f13, org.springframework.security.web.session.SessionManagementFilter@72584c3f, org.springframework.security.web.access.ExceptionTranslationFilter@1a57bb34, org.springframework.security.web.access.intercept.AuthorizationFilter@524911cd]
Hibernate: select r1_0.id,r1_0.created_at,r1_0.is_active,r1_0.role_description,r1_0.role_name,r1_0.updated_at from roles r1_0 where r1_0.role_name=?
Hibernate: select r1_0.id,r1_0.created_at,r1_0.is_active,r1_0.role_description,r1_0.role_name,r1_0.updated_at from roles r1_0 where r1_0.role_name=?
Hibernate: select r1_0.id,r1_0.created_at,r1_0.is_active,r1_0.role_description,r1_0.role_name,r1_0.updated_at from roles r1_0 where r1_0.role_name=?
Hibernate: select r1_0.id,r1_0.created_at,r1_0.is_active,r1_0.role_description,r1_0.role_name,r1_0.updated_at from roles r1_0 where r1_0.role_name=?
Hibernate: select u1_0.id,u1_0.business_country,u1_0.business_id,u1_0.business_location,u1_0.business_mission,u1_0.business_name,u1_0.business_other_directions,u1_0.business_state_province,u1_0.business_vision,u1_0.created_at,u1_0.is_active,u1_0.user_name,u1_0.role,u1_0.updated_at,u1_0.user_email,u1_0.user_first_surename,u1_0.user_gender,u1_0.user_password,u1_0.user_phone_number,u1_0.user_second_surename from users u1_0 where u1_0.user_email=?
Hibernate: select r1_0.id,r1_0.created_at,r1_0.is_active,r1_0.role_description,r1_0.role_name,r1_0.updated_at from roles r1_0 where r1_0.id=?
Hibernate: select r1_0.id,r1_0.created_at,r1_0.is_active,r1_0.role_description,r1_0.role_name,r1_0.updated_at from roles r1_0 where r1_0.role_name=?
Hibernate: select u1_0.id,u1_0.business_country,u1_0.business_id,u1_0.business_location,u1_0.business_mission,u1_0.business_name,u1_0.business_other_directions,u1_0.business_state_province,u1_0.business_vision,u1_0.created_at,u1_0.is_active,u1_0.user_name,u1_0.role,u1_0.updated_at,u1_0.user_email,u1_0.user_first_surename,u1_0.user_gender,u1_0.user_password,u1_0.user_phone_number,u1_0.user_second_surename from users u1_0 where u1_0.user_email=?
Hibernate: select r1_0.id,r1_0.created_at,r1_0.is_active,r1_0.role_description,r1_0.role_name,r1_0.updated_at from roles r1_0 where r1_0.id=?
Hibernate: select r1_0.id,r1_0.created_at,r1_0.is_active,r1_0.role_description,r1_0.role_name,r1_0.updated_at from roles r1_0 where r1_0.role_name=?
Hibernate: select u1_0.id,u1_0.business_country,u1_0.business_id,u1_0.business_location,u1_0.business_mission,u1_0.business_name,u1_0.business_other_directions,u1_0.business_state_province,u1_0.business_vision,u1_0.created_at,u1_0.is_active,u1_0.user_name,u1_0.role,u1_0.updated_at,u1_0.user_email,u1_0.user_first_surename,u1_0.user_gender,u1_0.user_password,u1_0.user_phone_number,u1_0.user_second_surename from users u1_0 where u1_0.user_email=?
Hibernate: select r1_0.id,r1_0.created_at,r1_0.is_active,r1_0.role_description,r1_0.role_name,r1_0.updated_at from roles r1_0 where r1_0.id=?
2025-08-10T23:12:42.082-06:00  INFO 304 --- [demo] [    Test worker] com.project.demo.DemoApplicationTests    : Started DemoApplicationTests in 4.95 seconds (process running for 5.835)
]]></system-out>
  <system-err><![CDATA[WARNING: A Java agent has been loaded dynamically (C:\Users\geovanni\.gradle\caches\modules-2\files-2.1\net.bytebuddy\byte-buddy-agent\1.14.13\979ce25f7d3096a2e82214ba7dc972a05ce7a171\byte-buddy-agent-1.14.13.jar)
WARNING: If a serviceability tool is in use, please run with -XX:+EnableDynamicAgentLoading to hide this warning
WARNING: If a serviceability tool is not in use, please run with -Djdk.instrument.traceUsage for more information
WARNING: Dynamic loading of agents will be disallowed by default in a future release
]]></system-err>
</testsuite>
