<?xml version="1.0" encoding="UTF-8"?>
<testsuite name="com.project.demo.rest.animal.AnimalRestControllerTest" tests="4" skipped="0" failures="0" errors="0" timestamp="2025-08-12T02:09:37" hostname="JIMMY" time="0.322">
  <properties/>
  <testcase name="testCreateAnimalSuccess()" classname="com.project.demo.rest.animal.AnimalRestControllerTest" time="0.281"/>
  <testcase name="testCreateAnimalFarmNotFound()" classname="com.project.demo.rest.animal.AnimalRestControllerTest" time="0.009"/>
  <testcase name="testGetAnimalsByFarmSuccess()" classname="com.project.demo.rest.animal.AnimalRestControllerTest" time="0.012"/>
  <testcase name="testCreateAnimalAccessDenied()" classname="com.project.demo.rest.animal.AnimalRestControllerTest" time="0.01"/>
  <system-out><![CDATA[20:09:34.186 [Test worker] INFO org.springframework.test.context.support.AnnotationConfigContextLoaderUtils -- Could not detect default configuration classes for test class [com.project.demo.rest.animal.AnimalRestControllerTest]: AnimalRestControllerTest does not declare any static, non-private, non-final, nested classes annotated with @Configuration.
20:09:34.328 [Test worker] INFO org.springframework.boot.test.context.SpringBootTestContextBootstrapper -- Found @SpringBootConfiguration com.project.demo.DemoApplication for test class com.project.demo.rest.animal.AnimalRestControllerTest

  .   ____          _            __ _ _
 /\\ / ___'_ __ _ _(_)_ __  __ _ \ \ \ \
( ( )\___ | '_ | '_| | '_ \/ _` | \ \ \ \
 \\/  ___)| |_)| | | | | || (_| |  ) ) ) )
  '  |____| .__|_| |_|_| |_\__, | / / / /
 =========|_|==============|___/=/_/_/_/
 :: Spring Boot ::                (v3.2.5)

2025-08-11T20:09:34.692-06:00  INFO 17848 --- [    Test worker] c.p.d.r.animal.AnimalRestControllerTest  : Starting AnimalRestControllerTest using Java 21.0.7 with PID 17848 (started by geovanni in C:\Users\geovanni\Desktop\cenfotec\proyecto_3\proyecto_3_back_end)
2025-08-11T20:09:34.695-06:00  INFO 17848 --- [    Test worker] c.p.d.r.animal.AnimalRestControllerTest  : No active profile set, falling back to 1 default profile: "default"
2025-08-11T20:09:37.178-06:00  INFO 17848 --- [    Test worker] o.s.s.web.DefaultSecurityFilterChain     : Will secure any request with [org.springframework.security.web.session.DisableEncodeUrlFilter@5b4d9bda, org.springframework.security.web.context.request.async.WebAsyncManagerIntegrationFilter@467a2584, org.springframework.security.web.context.SecurityContextHolderFilter@61288814, org.springframework.security.web.header.HeaderWriterFilter@57f1a1de, org.springframework.web.filter.CorsFilter@121dce2, org.springframework.security.web.csrf.CsrfFilter@7e2a76be, org.springframework.security.web.authentication.logout.LogoutFilter@3e839aa3, org.springframework.security.web.authentication.UsernamePasswordAuthenticationFilter@4acc27fd, org.springframework.security.web.authentication.ui.DefaultLoginPageGeneratingFilter@3d05435c, org.springframework.security.web.authentication.ui.DefaultLogoutPageGeneratingFilter@6df31abf, org.springframework.security.web.authentication.www.BasicAuthenticationFilter@7535f28, org.springframework.security.web.savedrequest.RequestCacheAwareFilter@6669cba, org.springframework.security.web.servletapi.SecurityContextHolderAwareRequestFilter@37c74e4e, org.springframework.security.web.authentication.AnonymousAuthenticationFilter@5a57cf90, org.springframework.security.web.access.ExceptionTranslationFilter@dd9de63, org.springframework.security.web.access.intercept.AuthorizationFilter@3eadad14]
2025-08-11T20:09:37.253-06:00  INFO 17848 --- [    Test worker] o.s.b.t.m.w.SpringBootMockServletContext : Initializing Spring TestDispatcherServlet ''
2025-08-11T20:09:37.253-06:00  INFO 17848 --- [    Test worker] o.s.t.web.servlet.TestDispatcherServlet  : Initializing Servlet ''
2025-08-11T20:09:37.255-06:00  INFO 17848 --- [    Test worker] o.s.t.web.servlet.TestDispatcherServlet  : Completed initialization in 1 ms
2025-08-11T20:09:37.376-06:00  INFO 17848 --- [    Test worker] c.p.d.r.animal.AnimalRestControllerTest  : Started AnimalRestControllerTest in 2.951 seconds (process running for 3.977)
]]></system-out>
  <system-err><![CDATA[WARNING: A Java agent has been loaded dynamically (C:\Users\geovanni\.gradle\caches\modules-2\files-2.1\net.bytebuddy\byte-buddy-agent\1.14.13\979ce25f7d3096a2e82214ba7dc972a05ce7a171\byte-buddy-agent-1.14.13.jar)
WARNING: If a serviceability tool is in use, please run with -XX:+EnableDynamicAgentLoading to hide this warning
WARNING: If a serviceability tool is not in use, please run with -Djdk.instrument.traceUsage for more information
WARNING: Dynamic loading of agents will be disallowed by default in a future release
]]></system-err>
</testsuite>
