<?xml version="1.0" encoding="UTF-8"?>
<testsuite name="com.project.demo.logic.entity.plot.PlotGeometryEntityTest" tests="2" skipped="0" failures="0" errors="0" timestamp="2025-08-12T05:05:59" hostname="EQ-LP-TL-TI13" time="0.031">
  <properties/>
  <testcase name="testSetAndGetProperties()" classname="com.project.demo.logic.entity.plot.PlotGeometryEntityTest" time="0.027"/>
  <testcase name="testEqualsAndHashCode()" classname="com.project.demo.logic.entity.plot.PlotGeometryEntityTest" time="0.003"/>
  <system-out><![CDATA[]]></system-out>
  <system-err><![CDATA[]]></system-err>
</testsuite>
