<?xml version="1.0" encoding="UTF-8"?>
<testsuite name="com.project.demo.rest.plot.PlotGeometryRestControllerTest" tests="4" skipped="0" failures="0" errors="0" timestamp="2025-08-11T05:12:44" hostname="JIMMY" time="0.035">
  <properties/>
  <testcase name="testCreateGeometryAlreadyExists()" classname="com.project.demo.rest.plot.PlotGeometryRestControllerTest" time="0.011"/>
  <testcase name="testGetGeometryByPlotSuccess()" classname="com.project.demo.rest.plot.PlotGeometryRestControllerTest" time="0.009"/>
  <testcase name="testCreateGeometryPlotNotFound()" classname="com.project.demo.rest.plot.PlotGeometryRestControllerTest" time="0.005"/>
  <testcase name="testCreateGeometrySuccess()" classname="com.project.demo.rest.plot.PlotGeometryRestControllerTest" time="0.006"/>
  <system-out><![CDATA[2025-08-10T23:12:43.756-06:00  INFO 304 --- [demo] [    Test worker] t.c.s.AnnotationConfigContextLoaderUtils : Could not detect default configuration classes for test class [com.project.demo.rest.plot.PlotGeometryRestControllerTest]: PlotGeometryRestControllerTest does not declare any static, non-private, non-final, nested classes annotated with @Configuration.
2025-08-10T23:12:43.785-06:00  INFO 304 --- [demo] [    Test worker] .b.t.c.SpringBootTestContextBootstrapper : Found @SpringBootConfiguration com.project.demo.DemoApplication for test class com.project.demo.rest.plot.PlotGeometryRestControllerTest

  .   ____          _            __ _ _
 /\\ / ___'_ __ _ _(_)_ __  __ _ \ \ \ \
( ( )\___ | '_ | '_| | '_ \/ _` | \ \ \ \
 \\/  ___)| |_)| | | | | || (_| |  ) ) ) )
  '  |____| .__|_| |_|_| |_\__, | / / / /
 =========|_|==============|___/=/_/_/_/
 :: Spring Boot ::                (v3.2.5)

2025-08-10T23:12:43.810-06:00  INFO 304 --- [demo] [    Test worker] c.p.d.r.p.PlotGeometryRestControllerTest : Starting PlotGeometryRestControllerTest using Java 21.0.7 with PID 304 (started by geovanni in C:\Users\geovanni\Desktop\cenfotec\proyecto_3\proyecto_3_back_end)
2025-08-10T23:12:43.811-06:00  INFO 304 --- [demo] [    Test worker] c.p.d.r.p.PlotGeometryRestControllerTest : No active profile set, falling back to 1 default profile: "default"
2025-08-10T23:12:44.158-06:00  INFO 304 --- [demo] [    Test worker] o.s.s.web.DefaultSecurityFilterChain     : Will secure any request with [org.springframework.security.web.session.DisableEncodeUrlFilter@3c7e49b3, org.springframework.security.web.context.request.async.WebAsyncManagerIntegrationFilter@f9f151b, org.springframework.security.web.context.SecurityContextHolderFilter@7e48974f, org.springframework.security.web.header.HeaderWriterFilter@25be269d, org.springframework.web.filter.CorsFilter@76cbb7b9, org.springframework.security.web.csrf.CsrfFilter@1c2608e3, org.springframework.security.web.authentication.logout.LogoutFilter@4e1c256f, org.springframework.security.web.authentication.UsernamePasswordAuthenticationFilter@261be6cf, org.springframework.security.web.authentication.ui.DefaultLoginPageGeneratingFilter@967b0a2, org.springframework.security.web.authentication.ui.DefaultLogoutPageGeneratingFilter@639c8336, org.springframework.security.web.authentication.www.BasicAuthenticationFilter@983983e, org.springframework.security.web.savedrequest.RequestCacheAwareFilter@5205f975, org.springframework.security.web.servletapi.SecurityContextHolderAwareRequestFilter@5d39ef56, org.springframework.security.web.authentication.AnonymousAuthenticationFilter@2d617d27, org.springframework.security.web.access.ExceptionTranslationFilter@41c9df5c, org.springframework.security.web.access.intercept.AuthorizationFilter@689b792e]
2025-08-10T23:12:44.163-06:00  INFO 304 --- [demo] [    Test worker] o.s.b.t.m.w.SpringBootMockServletContext : Initializing Spring TestDispatcherServlet ''
2025-08-10T23:12:44.167-06:00  INFO 304 --- [demo] [    Test worker] o.s.t.web.servlet.TestDispatcherServlet  : Initializing Servlet ''
2025-08-10T23:12:44.167-06:00  INFO 304 --- [demo] [    Test worker] o.s.t.web.servlet.TestDispatcherServlet  : Completed initialization in 0 ms
2025-08-10T23:12:44.170-06:00  INFO 304 --- [demo] [    Test worker] c.p.d.r.p.PlotGeometryRestControllerTest : Started PlotGeometryRestControllerTest in 0.382 seconds (process running for 7.915)
]]></system-out>
  <system-err><![CDATA[]]></system-err>
</testsuite>
