<?xml version="1.0" encoding="UTF-8"?>
<testsuite name="com.project.demo.rest.animal.AnimalRestControllerTest" tests="4" skipped="0" failures="0" errors="0" timestamp="2025-08-12T02:06:07" hostname="JIMMY" time="0.484">
  <properties/>
  <testcase name="testCreateAnimalSuccess()" classname="com.project.demo.rest.animal.AnimalRestControllerTest" time="0.433"/>
  <testcase name="testCreateAnimalFarmNotFound()" classname="com.project.demo.rest.animal.AnimalRestControllerTest" time="0.014"/>
  <testcase name="testGetAnimalsByFarmSuccess()" classname="com.project.demo.rest.animal.AnimalRestControllerTest" time="0.015"/>
  <testcase name="testCreateAnimalAccessDenied()" classname="com.project.demo.rest.animal.AnimalRestControllerTest" time="0.009"/>
  <system-out><![CDATA[20:06:02.985 [Test worker] INFO org.springframework.test.context.support.AnnotationConfigContextLoaderUtils -- Could not detect default configuration classes for test class [com.project.demo.rest.animal.AnimalRestControllerTest]: AnimalRestControllerTest does not declare any static, non-private, non-final, nested classes annotated with @Configuration.
20:06:03.188 [Test worker] INFO org.springframework.boot.test.context.SpringBootTestContextBootstrapper -- Found @SpringBootConfiguration com.project.demo.DemoApplication for test class com.project.demo.rest.animal.AnimalRestControllerTest

  .   ____          _            __ _ _
 /\\ / ___'_ __ _ _(_)_ __  __ _ \ \ \ \
( ( )\___ | '_ | '_| | '_ \/ _` | \ \ \ \
 \\/  ___)| |_)| | | | | || (_| |  ) ) ) )
  '  |____| .__|_| |_|_| |_\__, | / / / /
 =========|_|==============|___/=/_/_/_/
 :: Spring Boot ::                (v3.2.5)

2025-08-11T20:06:03.660-06:00  INFO 3868 --- [    Test worker] c.p.d.r.animal.AnimalRestControllerTest  : Starting AnimalRestControllerTest using Java 21.0.7 with PID 3868 (started by geovanni in C:\Users\geovanni\Desktop\cenfotec\proyecto_3\proyecto_3_back_end)
2025-08-11T20:06:03.661-06:00  INFO 3868 --- [    Test worker] c.p.d.r.animal.AnimalRestControllerTest  : No active profile set, falling back to 1 default profile: "default"
2025-08-11T20:06:07.123-06:00  INFO 3868 --- [    Test worker] o.s.s.web.DefaultSecurityFilterChain     : Will secure any request with [org.springframework.security.web.session.DisableEncodeUrlFilter@44864ebe, org.springframework.security.web.context.request.async.WebAsyncManagerIntegrationFilter@5f803481, org.springframework.security.web.context.SecurityContextHolderFilter@369fb99a, org.springframework.security.web.header.HeaderWriterFilter@511de4dd, org.springframework.web.filter.CorsFilter@408f70ab, org.springframework.security.web.csrf.CsrfFilter@3b8d2abe, org.springframework.security.web.authentication.logout.LogoutFilter@2cacd55e, org.springframework.security.web.authentication.UsernamePasswordAuthenticationFilter@14d1032a, org.springframework.security.web.authentication.ui.DefaultLoginPageGeneratingFilter@696298ea, org.springframework.security.web.authentication.ui.DefaultLogoutPageGeneratingFilter@5383bf08, org.springframework.security.web.authentication.www.BasicAuthenticationFilter@4e3ffd0, org.springframework.security.web.savedrequest.RequestCacheAwareFilter@d08f85a, org.springframework.security.web.servletapi.SecurityContextHolderAwareRequestFilter@3e839aa3, org.springframework.security.web.authentication.AnonymousAuthenticationFilter@2586e878, org.springframework.security.web.access.ExceptionTranslationFilter@44d84313, org.springframework.security.web.access.intercept.AuthorizationFilter@2a16d393]
2025-08-11T20:06:07.217-06:00  INFO 3868 --- [    Test worker] o.s.b.t.m.w.SpringBootMockServletContext : Initializing Spring TestDispatcherServlet ''
2025-08-11T20:06:07.217-06:00  INFO 3868 --- [    Test worker] o.s.t.web.servlet.TestDispatcherServlet  : Initializing Servlet ''
2025-08-11T20:06:07.220-06:00  INFO 3868 --- [    Test worker] o.s.t.web.servlet.TestDispatcherServlet  : Completed initialization in 3 ms
2025-08-11T20:06:07.392-06:00  INFO 3868 --- [    Test worker] c.p.d.r.animal.AnimalRestControllerTest  : Started AnimalRestControllerTest in 4.074 seconds (process running for 5.534)
]]></system-out>
  <system-err><![CDATA[WARNING: A Java agent has been loaded dynamically (C:\Users\geovanni\.gradle\caches\modules-2\files-2.1\net.bytebuddy\byte-buddy-agent\1.14.13\979ce25f7d3096a2e82214ba7dc972a05ce7a171\byte-buddy-agent-1.14.13.jar)
WARNING: If a serviceability tool is in use, please run with -XX:+EnableDynamicAgentLoading to hide this warning
WARNING: If a serviceability tool is not in use, please run with -Djdk.instrument.traceUsage for more information
WARNING: Dynamic loading of agents will be disallowed by default in a future release
]]></system-err>
</testsuite>
