<?xml version="1.0" encoding="UTF-8"?>
<testsuite name="com.project.demo.rest.animal.AnimalRestControllerTest" tests="4" skipped="0" failures="0" errors="0" timestamp="2025-08-11T19:34:50" hostname="JIMMY" time="0.284">
  <properties/>
  <testcase name="testCreateAnimalSuccess()" classname="com.project.demo.rest.animal.AnimalRestControllerTest" time="0.257"/>
  <testcase name="testCreateAnimalFarmNotFound()" classname="com.project.demo.rest.animal.AnimalRestControllerTest" time="0.007"/>
  <testcase name="testGetAnimalsByFarmSuccess()" classname="com.project.demo.rest.animal.AnimalRestControllerTest" time="0.01"/>
  <testcase name="testCreateAnimalAccessDenied()" classname="com.project.demo.rest.animal.AnimalRestControllerTest" time="0.006"/>
  <system-out><![CDATA[2025-08-11T13:34:49.573-06:00  INFO 16588 --- [    Test worker] t.c.s.AnnotationConfigContextLoaderUtils : Could not detect default configuration classes for test class [com.project.demo.rest.animal.AnimalRestControllerTest]: AnimalRestControllerTest does not declare any static, non-private, non-final, nested classes annotated with @Configuration.
2025-08-11T13:34:49.609-06:00  INFO 16588 --- [    Test worker] .b.t.c.SpringBootTestContextBootstrapper : Found @SpringBootConfiguration com.project.demo.DemoApplication for test class com.project.demo.rest.animal.AnimalRestControllerTest

  .   ____          _            __ _ _
 /\\ / ___'_ __ _ _(_)_ __  __ _ \ \ \ \
( ( )\___ | '_ | '_| | '_ \/ _` | \ \ \ \
 \\/  ___)| |_)| | | | | || (_| |  ) ) ) )
  '  |____| .__|_| |_|_| |_\__, | / / / /
 =========|_|==============|___/=/_/_/_/
 :: Spring Boot ::                (v3.2.5)

2025-08-11T13:34:49.633-06:00  INFO 16588 --- [    Test worker] c.p.d.r.animal.AnimalRestControllerTest  : Starting AnimalRestControllerTest using Java 21.0.7 with PID 16588 (started by geovanni in C:\Users\geovanni\Desktop\cenfotec\proyecto_3\proyecto_3_back_end)
2025-08-11T13:34:49.633-06:00  INFO 16588 --- [    Test worker] c.p.d.r.animal.AnimalRestControllerTest  : No active profile set, falling back to 1 default profile: "default"
2025-08-11T13:34:50.204-06:00  INFO 16588 --- [    Test worker] o.s.s.web.DefaultSecurityFilterChain     : Will secure any request with [org.springframework.security.web.session.DisableEncodeUrlFilter@6db27836, org.springframework.security.web.context.request.async.WebAsyncManagerIntegrationFilter@5ac81385, org.springframework.security.web.context.SecurityContextHolderFilter@77dd1899, org.springframework.security.web.header.HeaderWriterFilter@74bc67d7, org.springframework.web.filter.CorsFilter@2886f5f3, org.springframework.security.web.csrf.CsrfFilter@2d23561e, org.springframework.security.web.authentication.logout.LogoutFilter@5fbda121, org.springframework.security.web.authentication.UsernamePasswordAuthenticationFilter@53781df3, org.springframework.security.web.authentication.ui.DefaultLoginPageGeneratingFilter@17abb5bb, org.springframework.security.web.authentication.ui.DefaultLogoutPageGeneratingFilter@371c7b39, org.springframework.security.web.authentication.www.BasicAuthenticationFilter@26772e54, org.springframework.security.web.savedrequest.RequestCacheAwareFilter@40f923da, org.springframework.security.web.servletapi.SecurityContextHolderAwareRequestFilter@3ef8b4, org.springframework.security.web.authentication.AnonymousAuthenticationFilter@4991d624, org.springframework.security.web.access.ExceptionTranslationFilter@77e6ec35, org.springframework.security.web.access.intercept.AuthorizationFilter@77fc3039]
2025-08-11T13:34:50.238-06:00  INFO 16588 --- [    Test worker] o.s.b.t.m.w.SpringBootMockServletContext : Initializing Spring TestDispatcherServlet ''
2025-08-11T13:34:50.238-06:00  INFO 16588 --- [    Test worker] o.s.t.web.servlet.TestDispatcherServlet  : Initializing Servlet ''
2025-08-11T13:34:50.238-06:00  INFO 16588 --- [    Test worker] o.s.t.web.servlet.TestDispatcherServlet  : Completed initialization in 0 ms
2025-08-11T13:34:50.318-06:00  INFO 16588 --- [    Test worker] c.p.d.r.animal.AnimalRestControllerTest  : Started AnimalRestControllerTest in 0.709 seconds (process running for 9.16)
]]></system-out>
  <system-err><![CDATA[]]></system-err>
</testsuite>
